0 info it worked if it ends with ok
1 verbose cli [ '/usr/local/bin/node', '/usr/local/bin/npm', 'install' ]
2 info using npm@1.4.28
3 info using node@v0.10.33
4 verbose readDependencies using package.json deps
5 verbose install where, deps [ '/Users/pierpaologorelli/Documents/Websites/piergorelli.com/web/app/themes/roots-master',
5 verbose install   [ 'bower',
5 verbose install     'grunt',
5 verbose install     'grunt-autoprefixer',
5 verbose install     'grunt-contrib-concat',
5 verbose install     'grunt-contrib-jshint',
5 verbose install     'grunt-contrib-less',
5 verbose install     'grunt-contrib-uglify',
5 verbose install     'grunt-contrib-watch',
5 verbose install     'grunt-modernizr',
5 verbose install     'grunt-wp-assets',
5 verbose install     'load-grunt-tasks',
5 verbose install     'time-grunt' ] ]
6 info preinstall roots@7.0.2
7 verbose readDependencies using package.json deps
8 verbose cache add [ 'grunt@~0.4.5', null ]
9 verbose cache add name=undefined spec="grunt@~0.4.5" args=["grunt@~0.4.5",null]
10 verbose parsed url { protocol: null,
10 verbose parsed url   slashes: null,
10 verbose parsed url   auth: null,
10 verbose parsed url   host: null,
10 verbose parsed url   port: null,
10 verbose parsed url   hostname: null,
10 verbose parsed url   hash: null,
10 verbose parsed url   search: null,
10 verbose parsed url   query: null,
10 verbose parsed url   pathname: 'grunt@~0.4.5',
10 verbose parsed url   path: 'grunt@~0.4.5',
10 verbose parsed url   href: 'grunt@~0.4.5' }
11 verbose cache add [ 'grunt-autoprefixer@~1.0.1', null ]
12 verbose cache add name=undefined spec="grunt-autoprefixer@~1.0.1" args=["grunt-autoprefixer@~1.0.1",null]
13 verbose parsed url { protocol: null,
13 verbose parsed url   slashes: null,
13 verbose parsed url   auth: null,
13 verbose parsed url   host: null,
13 verbose parsed url   port: null,
13 verbose parsed url   hostname: null,
13 verbose parsed url   hash: null,
13 verbose parsed url   search: null,
13 verbose parsed url   query: null,
13 verbose parsed url   pathname: 'grunt-autoprefixer@~1.0.1',
13 verbose parsed url   path: 'grunt-autoprefixer@~1.0.1',
13 verbose parsed url   href: 'grunt-autoprefixer@~1.0.1' }
14 verbose cache add [ 'grunt-contrib-concat@~0.5.0', null ]
15 verbose cache add name=undefined spec="grunt-contrib-concat@~0.5.0" args=["grunt-contrib-concat@~0.5.0",null]
16 verbose parsed url { protocol: null,
16 verbose parsed url   slashes: null,
16 verbose parsed url   auth: null,
16 verbose parsed url   host: null,
16 verbose parsed url   port: null,
16 verbose parsed url   hostname: null,
16 verbose parsed url   hash: null,
16 verbose parsed url   search: null,
16 verbose parsed url   query: null,
16 verbose parsed url   pathname: 'grunt-contrib-concat@~0.5.0',
16 verbose parsed url   path: 'grunt-contrib-concat@~0.5.0',
16 verbose parsed url   href: 'grunt-contrib-concat@~0.5.0' }
17 verbose cache add name="grunt" spec="~0.4.5" args=["grunt","~0.4.5"]
18 verbose parsed url { protocol: null,
18 verbose parsed url   slashes: null,
18 verbose parsed url   auth: null,
18 verbose parsed url   host: null,
18 verbose parsed url   port: null,
18 verbose parsed url   hostname: null,
18 verbose parsed url   hash: null,
18 verbose parsed url   search: null,
18 verbose parsed url   query: null,
18 verbose parsed url   pathname: '~0.4.5',
18 verbose parsed url   path: '~0.4.5',
18 verbose parsed url   href: '~0.4.5' }
19 verbose addNamed [ 'grunt', '~0.4.5' ]
20 verbose addNamed [ null, '>=0.4.5-0 <0.5.0-0' ]
21 verbose cache add name="grunt-autoprefixer" spec="~1.0.1" args=["grunt-autoprefixer","~1.0.1"]
22 verbose parsed url { protocol: null,
22 verbose parsed url   slashes: null,
22 verbose parsed url   auth: null,
22 verbose parsed url   host: null,
22 verbose parsed url   port: null,
22 verbose parsed url   hostname: null,
22 verbose parsed url   hash: null,
22 verbose parsed url   search: null,
22 verbose parsed url   query: null,
22 verbose parsed url   pathname: '~1.0.1',
22 verbose parsed url   path: '~1.0.1',
22 verbose parsed url   href: '~1.0.1' }
23 verbose addNamed [ 'grunt-autoprefixer', '~1.0.1' ]
24 verbose addNamed [ null, '>=1.0.1-0 <1.1.0-0' ]
25 verbose cache add name="grunt-contrib-concat" spec="~0.5.0" args=["grunt-contrib-concat","~0.5.0"]
26 verbose parsed url { protocol: null,
26 verbose parsed url   slashes: null,
26 verbose parsed url   auth: null,
26 verbose parsed url   host: null,
26 verbose parsed url   port: null,
26 verbose parsed url   hostname: null,
26 verbose parsed url   hash: null,
26 verbose parsed url   search: null,
26 verbose parsed url   query: null,
26 verbose parsed url   pathname: '~0.5.0',
26 verbose parsed url   path: '~0.5.0',
26 verbose parsed url   href: '~0.5.0' }
27 verbose addNamed [ 'grunt-contrib-concat', '~0.5.0' ]
28 verbose addNamed [ null, '>=0.5.0-0 <0.6.0-0' ]
29 verbose cache add [ 'grunt-contrib-jshint@~0.10.0', null ]
30 verbose cache add name=undefined spec="grunt-contrib-jshint@~0.10.0" args=["grunt-contrib-jshint@~0.10.0",null]
31 verbose parsed url { protocol: null,
31 verbose parsed url   slashes: null,
31 verbose parsed url   auth: null,
31 verbose parsed url   host: null,
31 verbose parsed url   port: null,
31 verbose parsed url   hostname: null,
31 verbose parsed url   hash: null,
31 verbose parsed url   search: null,
31 verbose parsed url   query: null,
31 verbose parsed url   pathname: 'grunt-contrib-jshint@~0.10.0',
31 verbose parsed url   path: 'grunt-contrib-jshint@~0.10.0',
31 verbose parsed url   href: 'grunt-contrib-jshint@~0.10.0' }
32 verbose cache add [ 'grunt-contrib-less@~0.12.0', null ]
33 verbose cache add name=undefined spec="grunt-contrib-less@~0.12.0" args=["grunt-contrib-less@~0.12.0",null]
34 verbose parsed url { protocol: null,
34 verbose parsed url   slashes: null,
34 verbose parsed url   auth: null,
34 verbose parsed url   host: null,
34 verbose parsed url   port: null,
34 verbose parsed url   hostname: null,
34 verbose parsed url   hash: null,
34 verbose parsed url   search: null,
34 verbose parsed url   query: null,
34 verbose parsed url   pathname: 'grunt-contrib-less@~0.12.0',
34 verbose parsed url   path: 'grunt-contrib-less@~0.12.0',
34 verbose parsed url   href: 'grunt-contrib-less@~0.12.0' }
35 silly lockFile 240974bb-grunt-0-4-5 grunt@~0.4.5
36 verbose lock grunt@~0.4.5 /Users/pierpaologorelli/.npm/240974bb-grunt-0-4-5.lock
37 silly lockFile 5b26fa7b-grunt-autoprefixer-1-0-1 grunt-autoprefixer@~1.0.1
38 verbose lock grunt-autoprefixer@~1.0.1 /Users/pierpaologorelli/.npm/5b26fa7b-grunt-autoprefixer-1-0-1.lock
39 silly lockFile ab641ed0-grunt-contrib-concat-0-5-0 grunt-contrib-concat@~0.5.0
40 verbose lock grunt-contrib-concat@~0.5.0 /Users/pierpaologorelli/.npm/ab641ed0-grunt-contrib-concat-0-5-0.lock
41 verbose cache add name="grunt-contrib-jshint" spec="~0.10.0" args=["grunt-contrib-jshint","~0.10.0"]
42 verbose parsed url { protocol: null,
42 verbose parsed url   slashes: null,
42 verbose parsed url   auth: null,
42 verbose parsed url   host: null,
42 verbose parsed url   port: null,
42 verbose parsed url   hostname: null,
42 verbose parsed url   hash: null,
42 verbose parsed url   search: null,
42 verbose parsed url   query: null,
42 verbose parsed url   pathname: '~0.10.0',
42 verbose parsed url   path: '~0.10.0',
42 verbose parsed url   href: '~0.10.0' }
43 verbose addNamed [ 'grunt-contrib-jshint', '~0.10.0' ]
44 verbose addNamed [ null, '>=0.10.0-0 <0.11.0-0' ]
45 silly lockFile 956acfd4-grunt-contrib-jshint-0-10-0 grunt-contrib-jshint@~0.10.0
46 verbose lock grunt-contrib-jshint@~0.10.0 /Users/pierpaologorelli/.npm/956acfd4-grunt-contrib-jshint-0-10-0.lock
47 verbose cache add [ 'grunt-contrib-uglify@~0.6.0', null ]
48 verbose cache add name=undefined spec="grunt-contrib-uglify@~0.6.0" args=["grunt-contrib-uglify@~0.6.0",null]
49 verbose parsed url { protocol: null,
49 verbose parsed url   slashes: null,
49 verbose parsed url   auth: null,
49 verbose parsed url   host: null,
49 verbose parsed url   port: null,
49 verbose parsed url   hostname: null,
49 verbose parsed url   hash: null,
49 verbose parsed url   search: null,
49 verbose parsed url   query: null,
49 verbose parsed url   pathname: 'grunt-contrib-uglify@~0.6.0',
49 verbose parsed url   path: 'grunt-contrib-uglify@~0.6.0',
49 verbose parsed url   href: 'grunt-contrib-uglify@~0.6.0' }
50 verbose cache add [ 'grunt-contrib-watch@~0.6.1', null ]
51 verbose cache add name=undefined spec="grunt-contrib-watch@~0.6.1" args=["grunt-contrib-watch@~0.6.1",null]
52 verbose parsed url { protocol: null,
52 verbose parsed url   slashes: null,
52 verbose parsed url   auth: null,
52 verbose parsed url   host: null,
52 verbose parsed url   port: null,
52 verbose parsed url   hostname: null,
52 verbose parsed url   hash: null,
52 verbose parsed url   search: null,
52 verbose parsed url   query: null,
52 verbose parsed url   pathname: 'grunt-contrib-watch@~0.6.1',
52 verbose parsed url   path: 'grunt-contrib-watch@~0.6.1',
52 verbose parsed url   href: 'grunt-contrib-watch@~0.6.1' }
53 verbose cache add [ 'grunt-modernizr@~0.6.0', null ]
54 verbose cache add name=undefined spec="grunt-modernizr@~0.6.0" args=["grunt-modernizr@~0.6.0",null]
55 verbose parsed url { protocol: null,
55 verbose parsed url   slashes: null,
55 verbose parsed url   auth: null,
55 verbose parsed url   host: null,
55 verbose parsed url   port: null,
55 verbose parsed url   hostname: null,
55 verbose parsed url   hash: null,
55 verbose parsed url   search: null,
55 verbose parsed url   query: null,
55 verbose parsed url   pathname: 'grunt-modernizr@~0.6.0',
55 verbose parsed url   path: 'grunt-modernizr@~0.6.0',
55 verbose parsed url   href: 'grunt-modernizr@~0.6.0' }
56 verbose cache add name="grunt-contrib-less" spec="~0.12.0" args=["grunt-contrib-less","~0.12.0"]
57 verbose parsed url { protocol: null,
57 verbose parsed url   slashes: null,
57 verbose parsed url   auth: null,
57 verbose parsed url   host: null,
57 verbose parsed url   port: null,
57 verbose parsed url   hostname: null,
57 verbose parsed url   hash: null,
57 verbose parsed url   search: null,
57 verbose parsed url   query: null,
57 verbose parsed url   pathname: '~0.12.0',
57 verbose parsed url   path: '~0.12.0',
57 verbose parsed url   href: '~0.12.0' }
58 verbose addNamed [ 'grunt-contrib-less', '~0.12.0' ]
59 verbose addNamed [ null, '>=0.12.0-0 <0.13.0-0' ]
60 silly lockFile b8c263ab-grunt-contrib-less-0-12-0 grunt-contrib-less@~0.12.0
61 verbose lock grunt-contrib-less@~0.12.0 /Users/pierpaologorelli/.npm/b8c263ab-grunt-contrib-less-0-12-0.lock
62 verbose cache add name="grunt-contrib-uglify" spec="~0.6.0" args=["grunt-contrib-uglify","~0.6.0"]
63 verbose parsed url { protocol: null,
63 verbose parsed url   slashes: null,
63 verbose parsed url   auth: null,
63 verbose parsed url   host: null,
63 verbose parsed url   port: null,
63 verbose parsed url   hostname: null,
63 verbose parsed url   hash: null,
63 verbose parsed url   search: null,
63 verbose parsed url   query: null,
63 verbose parsed url   pathname: '~0.6.0',
63 verbose parsed url   path: '~0.6.0',
63 verbose parsed url   href: '~0.6.0' }
64 verbose addNamed [ 'grunt-contrib-uglify', '~0.6.0' ]
65 verbose addNamed [ null, '>=0.6.0-0 <0.7.0-0' ]
66 silly lockFile 3286faea-grunt-contrib-uglify-0-6-0 grunt-contrib-uglify@~0.6.0
67 verbose lock grunt-contrib-uglify@~0.6.0 /Users/pierpaologorelli/.npm/3286faea-grunt-contrib-uglify-0-6-0.lock
68 verbose cache add name="grunt-contrib-watch" spec="~0.6.1" args=["grunt-contrib-watch","~0.6.1"]
69 verbose parsed url { protocol: null,
69 verbose parsed url   slashes: null,
69 verbose parsed url   auth: null,
69 verbose parsed url   host: null,
69 verbose parsed url   port: null,
69 verbose parsed url   hostname: null,
69 verbose parsed url   hash: null,
69 verbose parsed url   search: null,
69 verbose parsed url   query: null,
69 verbose parsed url   pathname: '~0.6.1',
69 verbose parsed url   path: '~0.6.1',
69 verbose parsed url   href: '~0.6.1' }
70 verbose addNamed [ 'grunt-contrib-watch', '~0.6.1' ]
71 verbose addNamed [ null, '>=0.6.1-0 <0.7.0-0' ]
72 silly lockFile 82ce6ec8-grunt-contrib-watch-0-6-1 grunt-contrib-watch@~0.6.1
73 verbose lock grunt-contrib-watch@~0.6.1 /Users/pierpaologorelli/.npm/82ce6ec8-grunt-contrib-watch-0-6-1.lock
74 verbose cache add name="grunt-modernizr" spec="~0.6.0" args=["grunt-modernizr","~0.6.0"]
75 verbose parsed url { protocol: null,
75 verbose parsed url   slashes: null,
75 verbose parsed url   auth: null,
75 verbose parsed url   host: null,
75 verbose parsed url   port: null,
75 verbose parsed url   hostname: null,
75 verbose parsed url   hash: null,
75 verbose parsed url   search: null,
75 verbose parsed url   query: null,
75 verbose parsed url   pathname: '~0.6.0',
75 verbose parsed url   path: '~0.6.0',
75 verbose parsed url   href: '~0.6.0' }
76 verbose addNamed [ 'grunt-modernizr', '~0.6.0' ]
77 verbose addNamed [ null, '>=0.6.0-0 <0.7.0-0' ]
78 silly lockFile 4e2e3da6-grunt-modernizr-0-6-0 grunt-modernizr@~0.6.0
79 verbose lock grunt-modernizr@~0.6.0 /Users/pierpaologorelli/.npm/4e2e3da6-grunt-modernizr-0-6-0.lock
80 verbose cache add [ 'grunt-wp-assets@~0.2.6', null ]
81 verbose cache add name=undefined spec="grunt-wp-assets@~0.2.6" args=["grunt-wp-assets@~0.2.6",null]
82 verbose parsed url { protocol: null,
82 verbose parsed url   slashes: null,
82 verbose parsed url   auth: null,
82 verbose parsed url   host: null,
82 verbose parsed url   port: null,
82 verbose parsed url   hostname: null,
82 verbose parsed url   hash: null,
82 verbose parsed url   search: null,
82 verbose parsed url   query: null,
82 verbose parsed url   pathname: 'grunt-wp-assets@~0.2.6',
82 verbose parsed url   path: 'grunt-wp-assets@~0.2.6',
82 verbose parsed url   href: 'grunt-wp-assets@~0.2.6' }
83 verbose cache add [ 'load-grunt-tasks@~1.0.0', null ]
84 verbose cache add name=undefined spec="load-grunt-tasks@~1.0.0" args=["load-grunt-tasks@~1.0.0",null]
85 verbose parsed url { protocol: null,
85 verbose parsed url   slashes: null,
85 verbose parsed url   auth: null,
85 verbose parsed url   host: null,
85 verbose parsed url   port: null,
85 verbose parsed url   hostname: null,
85 verbose parsed url   hash: null,
85 verbose parsed url   search: null,
85 verbose parsed url   query: null,
85 verbose parsed url   pathname: 'load-grunt-tasks@~1.0.0',
85 verbose parsed url   path: 'load-grunt-tasks@~1.0.0',
85 verbose parsed url   href: 'load-grunt-tasks@~1.0.0' }
86 verbose cache add [ 'time-grunt@~1.0.0', null ]
87 verbose cache add name=undefined spec="time-grunt@~1.0.0" args=["time-grunt@~1.0.0",null]
88 verbose parsed url { protocol: null,
88 verbose parsed url   slashes: null,
88 verbose parsed url   auth: null,
88 verbose parsed url   host: null,
88 verbose parsed url   port: null,
88 verbose parsed url   hostname: null,
88 verbose parsed url   hash: null,
88 verbose parsed url   search: null,
88 verbose parsed url   query: null,
88 verbose parsed url   pathname: 'time-grunt@~1.0.0',
88 verbose parsed url   path: 'time-grunt@~1.0.0',
88 verbose parsed url   href: 'time-grunt@~1.0.0' }
89 verbose cache add [ 'bower@>=1.3.12', null ]
90 verbose cache add name=undefined spec="bower@>=1.3.12" args=["bower@>=1.3.12",null]
91 verbose parsed url { protocol: null,
91 verbose parsed url   slashes: null,
91 verbose parsed url   auth: null,
91 verbose parsed url   host: null,
91 verbose parsed url   port: null,
91 verbose parsed url   hostname: null,
91 verbose parsed url   hash: null,
91 verbose parsed url   search: null,
91 verbose parsed url   query: null,
91 verbose parsed url   pathname: 'bower@%3E=1.3.12',
91 verbose parsed url   path: 'bower@%3E=1.3.12',
91 verbose parsed url   href: 'bower@%3E=1.3.12' }
92 verbose cache add name="grunt-wp-assets" spec="~0.2.6" args=["grunt-wp-assets","~0.2.6"]
93 verbose parsed url { protocol: null,
93 verbose parsed url   slashes: null,
93 verbose parsed url   auth: null,
93 verbose parsed url   host: null,
93 verbose parsed url   port: null,
93 verbose parsed url   hostname: null,
93 verbose parsed url   hash: null,
93 verbose parsed url   search: null,
93 verbose parsed url   query: null,
93 verbose parsed url   pathname: '~0.2.6',
93 verbose parsed url   path: '~0.2.6',
93 verbose parsed url   href: '~0.2.6' }
94 verbose addNamed [ 'grunt-wp-assets', '~0.2.6' ]
95 verbose addNamed [ null, '>=0.2.6-0 <0.3.0-0' ]
96 silly lockFile e7b79e4f-grunt-wp-assets-0-2-6 grunt-wp-assets@~0.2.6
97 verbose lock grunt-wp-assets@~0.2.6 /Users/pierpaologorelli/.npm/e7b79e4f-grunt-wp-assets-0-2-6.lock
98 verbose cache add name="load-grunt-tasks" spec="~1.0.0" args=["load-grunt-tasks","~1.0.0"]
99 verbose parsed url { protocol: null,
99 verbose parsed url   slashes: null,
99 verbose parsed url   auth: null,
99 verbose parsed url   host: null,
99 verbose parsed url   port: null,
99 verbose parsed url   hostname: null,
99 verbose parsed url   hash: null,
99 verbose parsed url   search: null,
99 verbose parsed url   query: null,
99 verbose parsed url   pathname: '~1.0.0',
99 verbose parsed url   path: '~1.0.0',
99 verbose parsed url   href: '~1.0.0' }
100 verbose addNamed [ 'load-grunt-tasks', '~1.0.0' ]
101 verbose addNamed [ null, '>=1.0.0-0 <1.1.0-0' ]
102 silly lockFile 80c8eff6-load-grunt-tasks-1-0-0 load-grunt-tasks@~1.0.0
103 verbose lock load-grunt-tasks@~1.0.0 /Users/pierpaologorelli/.npm/80c8eff6-load-grunt-tasks-1-0-0.lock
104 verbose cache add name="time-grunt" spec="~1.0.0" args=["time-grunt","~1.0.0"]
105 verbose parsed url { protocol: null,
105 verbose parsed url   slashes: null,
105 verbose parsed url   auth: null,
105 verbose parsed url   host: null,
105 verbose parsed url   port: null,
105 verbose parsed url   hostname: null,
105 verbose parsed url   hash: null,
105 verbose parsed url   search: null,
105 verbose parsed url   query: null,
105 verbose parsed url   pathname: '~1.0.0',
105 verbose parsed url   path: '~1.0.0',
105 verbose parsed url   href: '~1.0.0' }
106 verbose addNamed [ 'time-grunt', '~1.0.0' ]
107 verbose addNamed [ null, '>=1.0.0-0 <1.1.0-0' ]
108 silly lockFile 8c04ea80-time-grunt-1-0-0 time-grunt@~1.0.0
109 verbose lock time-grunt@~1.0.0 /Users/pierpaologorelli/.npm/8c04ea80-time-grunt-1-0-0.lock
110 verbose cache add name="bower" spec=">=1.3.12" args=["bower",">=1.3.12"]
111 verbose parsed url { protocol: null,
111 verbose parsed url   slashes: null,
111 verbose parsed url   auth: null,
111 verbose parsed url   host: null,
111 verbose parsed url   port: null,
111 verbose parsed url   hostname: null,
111 verbose parsed url   hash: null,
111 verbose parsed url   search: null,
111 verbose parsed url   query: null,
111 verbose parsed url   pathname: '%3E=1.3.12',
111 verbose parsed url   path: '%3E=1.3.12',
111 verbose parsed url   href: '%3E=1.3.12' }
112 verbose addNamed [ 'bower', '>=1.3.12' ]
113 verbose addNamed [ null, '>=1.3.12' ]
114 silly lockFile a01d4b69-bower-1-3-12 bower@>=1.3.12
115 verbose lock bower@>=1.3.12 /Users/pierpaologorelli/.npm/a01d4b69-bower-1-3-12.lock
116 silly lockFile 240974bb-grunt-0-4-5 grunt@~0.4.5
117 error Error: Attempt to unlock grunt@~0.4.5, which hasn't been locked
117 error     at unlock (/usr/local/lib/node_modules/npm/lib/utils/locker.js:44:11)
117 error     at cb (/usr/local/lib/node_modules/npm/lib/cache/add-named.js:32:5)
117 error     at /usr/local/lib/node_modules/npm/lib/cache/add-named.js:41:20
117 error     at /usr/local/lib/node_modules/npm/lib/utils/locker.js:30:7
117 error     at cb (/usr/local/lib/node_modules/npm/node_modules/lockfile/lockfile.js:149:38)
117 error     at /usr/local/lib/node_modules/npm/node_modules/lockfile/lockfile.js:177:38
117 error     at Object.oncomplete (fs.js:107:15)
118 error If you need help, you may report this *entire* log,
118 error including the npm and node versions, at:
118 error     <http://github.com/npm/npm/issues>
119 error System Darwin 12.5.0
120 error command "/usr/local/bin/node" "/usr/local/bin/npm" "install"
121 error cwd /Users/pierpaologorelli/Documents/Websites/piergorelli.com/web/app/themes/roots-master
122 error node -v v0.10.33
123 error npm -v 1.4.28
124 verbose exit [ 1, true ]
